[2026-02-13 14:55:29] \033[0;32m开始自动备份...\033[0m
[2026-02-13 14:55:29] 备份原因: 重要文件变更: RECOVERY.md
[master 23cb656] auto-backup: 2026-02-13 14:55
 Committer: 亚超来咯 <yachaolailo@yachaolailodeMac-mini.local>
您的姓名和邮件地址基于登录名和主机名进行了自动设置。请检查它们正确
与否。您可以对其进行设置以免再出现本提示信息：

    git config --global user.name "Your Name"
    git config --global user.email you@example.com

设置完毕后，您可以用下面的命令来修正本次提交所使用的用户身份：

    git commit --amend --reset-author

 3 files changed, 167 insertions(+), 1 deletion(-)
 create mode 100644 .backup.log
 create mode 100755 scripts/auto-backup.sh
To github.com:Hou4007268/openclaw-backup.git
   b802215..23cb656  master -> master
[2026-02-13 14:55:33] \033[0;32m✅ 备份成功: 23cb656\033[0m
[2026-02-13 14:58:46] \033[0;32m开始自动备份...\033[0m
[2026-02-13 14:58:46] 备份原因: 重要文件变更: RECOVERY.md
[master d50f313] auto-backup: 2026-02-13 14:58
 Committer: 亚超来咯 <yachaolailo@yachaolailodeMac-mini.local>
您的姓名和邮件地址基于登录名和主机名进行了自动设置。请检查它们正确
与否。您可以对其进行设置以免再出现本提示信息：

    git config --global user.name "Your Name"
    git config --global user.email you@example.com

设置完毕后，您可以用下面的命令来修正本次提交所使用的用户身份：

    git commit --amend --reset-author

 4 files changed, 181 insertions(+), 23 deletions(-)
 create mode 100644 .last-backup
 create mode 100644 memory/2026-02-13.md
To github.com:Hou4007268/openclaw-backup.git
   23cb656..d50f313  master -> master
[2026-02-13 14:58:50] \033[0;32m✅ 备份成功: d50f313\033[0m
[2026-02-13 14:59:04] \033[0;32m开始自动备份...\033[0m
[2026-02-13 14:59:04] 备份原因: 重要目录变更: memory/2026-02-13.md
[master f539a5f] auto-backup: 2026-02-13 14:59
 Committer: 亚超来咯 <yachaolailo@yachaolailodeMac-mini.local>
您的姓名和邮件地址基于登录名和主机名进行了自动设置。请检查它们正确
与否。您可以对其进行设置以免再出现本提示信息：

    git config --global user.name "Your Name"
    git config --global user.email you@example.com

设置完毕后，您可以用下面的命令来修正本次提交所使用的用户身份：

    git commit --amend --reset-author

 3 files changed, 47 insertions(+), 2 deletions(-)
To github.com:Hou4007268/openclaw-backup.git
   d50f313..f539a5f  master -> master
[2026-02-13 14:59:07] \033[0;32m✅ 备份成功: f539a5f\033[0m
[2026-02-13 15:56:56] \033[0;32m开始自动备份...\033[0m
[2026-02-13 15:56:56] 备份原因: 重要文件变更: SOUL.md
[master a565740] auto-backup: 2026-02-13 15:56
 Committer: 亚超来咯 <yachaolailo@yachaolailodeMac-mini.local>
您的姓名和邮件地址基于登录名和主机名进行了自动设置。请检查它们正确
与否。您可以对其进行设置以免再出现本提示信息：

    git config --global user.name "Your Name"
    git config --global user.email you@example.com

设置完毕后，您可以用下面的命令来修正本次提交所使用的用户身份：

    git commit --amend --reset-author

 6 files changed, 584 insertions(+), 1 deletion(-)
 create mode 100644 skills/fengshui-content/SKILL.md
 create mode 100644 skills/qmd/SKILL.md
To github.com:Hou4007268/openclaw-backup.git
   f539a5f..a565740  master -> master
[2026-02-13 15:57:00] \033[0;32m✅ 备份成功: a565740\033[0m
